0 info it worked if it ends with ok
1 verbose cli [ '/usr/local/Cellar/node/4.2.1/bin/node',
1 verbose cli   '/usr/local/bin/npm',
1 verbose cli   'install' ]
2 info using npm@2.14.7
3 info using node@v4.2.1
4 verbose readDependencies loading dependencies from /Users/jessykate/code/embassynetwork/modernomad/client/package.json
5 warn package.json modernomad@1.0.0 No README data
6 verbose install where, deps [ '/Users/jessykate/code/embassynetwork/modernomad/client',
6 verbose install   [ 'axios',
6 verbose install     'babel',
6 verbose install     'babel-core',
6 verbose install     'babel-loader',
6 verbose install     'babel-plugin-transform-class-properties',
6 verbose install     'babel-plugin-transform-object-rest-spread',
6 verbose install     'babel-plugin-transform-react-jsx',
6 verbose install     'babel-preset-es2015',
6 verbose install     'babel-preset-react',
6 verbose install     'camelize',
6 verbose install     'humanize-string',
6 verbose install     'lodash',
6 verbose install     'moment',
6 verbose install     'react',
6 verbose install     'react-addons-css-transition-group',
6 verbose install     'react-dom',
6 verbose install     'react-hot-loader',
6 verbose install     'snakeize',
6 verbose install     'webpack',
6 verbose install     'webpack-bundle-tracker',
6 verbose install     'webpack-dev-server' ] ]
7 verbose install where, peers [ '/Users/jessykate/code/embassynetwork/modernomad/client', [] ]
8 verbose installManyTop reading for lifecycle /Users/jessykate/code/embassynetwork/modernomad/client/package.json
9 info preinstall modernomad@1.0.0
10 verbose installManyTop reading scoped package data from /Users/jessykate/code/embassynetwork/modernomad/client/node_modules/axios/package.json
11 verbose installManyTop reading scoped package data from /Users/jessykate/code/embassynetwork/modernomad/client/node_modules/babel/package.json
12 verbose installManyTop reading scoped package data from /Users/jessykate/code/embassynetwork/modernomad/client/node_modules/babel-core/package.json
13 verbose installManyTop reading scoped package data from /Users/jessykate/code/embassynetwork/modernomad/client/node_modules/babel-loader/package.json
14 verbose installManyTop reading scoped package data from /Users/jessykate/code/embassynetwork/modernomad/client/node_modules/babel-plugin-transform-class-properties/package.json
15 verbose installManyTop reading scoped package data from /Users/jessykate/code/embassynetwork/modernomad/client/node_modules/babel-plugin-transform-object-rest-spread/package.json
16 verbose installManyTop reading scoped package data from /Users/jessykate/code/embassynetwork/modernomad/client/node_modules/babel-plugin-transform-react-jsx/package.json
17 verbose installManyTop reading scoped package data from /Users/jessykate/code/embassynetwork/modernomad/client/node_modules/babel-preset-es2015/package.json
18 verbose installManyTop reading scoped package data from /Users/jessykate/code/embassynetwork/modernomad/client/node_modules/babel-preset-react/package.json
19 verbose installManyTop reading scoped package data from /Users/jessykate/code/embassynetwork/modernomad/client/node_modules/camelize/package.json
20 verbose installManyTop reading scoped package data from /Users/jessykate/code/embassynetwork/modernomad/client/node_modules/humanize-string/package.json
21 verbose installManyTop reading scoped package data from /Users/jessykate/code/embassynetwork/modernomad/client/node_modules/lodash/package.json
22 verbose installManyTop reading scoped package data from /Users/jessykate/code/embassynetwork/modernomad/client/node_modules/moment/package.json
23 verbose installManyTop reading scoped package data from /Users/jessykate/code/embassynetwork/modernomad/client/node_modules/react/package.json
24 verbose installManyTop reading scoped package data from /Users/jessykate/code/embassynetwork/modernomad/client/node_modules/react-dom/package.json
25 verbose installManyTop reading scoped package data from /Users/jessykate/code/embassynetwork/modernomad/client/node_modules/react-hot-loader/package.json
26 verbose installManyTop reading scoped package data from /Users/jessykate/code/embassynetwork/modernomad/client/node_modules/snakeize/package.json
27 verbose installManyTop reading scoped package data from /Users/jessykate/code/embassynetwork/modernomad/client/node_modules/webpack/package.json
28 verbose installManyTop reading scoped package data from /Users/jessykate/code/embassynetwork/modernomad/client/node_modules/webpack-bundle-tracker/package.json
29 verbose installManyTop reading scoped package data from /Users/jessykate/code/embassynetwork/modernomad/client/node_modules/webpack-dev-server/package.json
30 verbose readDependencies loading dependencies from /Users/jessykate/code/embassynetwork/modernomad/client/package.json
31 verbose targetResolver reading package data from /Users/jessykate/code/embassynetwork/modernomad/client/node_modules/axios/package.json
32 verbose targetResolver reading package data from /Users/jessykate/code/embassynetwork/modernomad/client/node_modules/babel/package.json
33 verbose targetResolver reading package data from /Users/jessykate/code/embassynetwork/modernomad/client/node_modules/babel-core/package.json
34 verbose targetResolver reading package data from /Users/jessykate/code/embassynetwork/modernomad/client/node_modules/babel-loader/package.json
35 verbose targetResolver reading package data from /Users/jessykate/code/embassynetwork/modernomad/client/node_modules/babel-plugin-transform-class-properties/package.json
36 verbose targetResolver reading package data from /Users/jessykate/code/embassynetwork/modernomad/client/node_modules/babel-plugin-transform-object-rest-spread/package.json
37 verbose targetResolver reading package data from /Users/jessykate/code/embassynetwork/modernomad/client/node_modules/babel-plugin-transform-react-jsx/package.json
38 verbose targetResolver reading package data from /Users/jessykate/code/embassynetwork/modernomad/client/node_modules/babel-preset-es2015/package.json
39 verbose targetResolver reading package data from /Users/jessykate/code/embassynetwork/modernomad/client/node_modules/babel-preset-react/package.json
40 verbose targetResolver reading package data from /Users/jessykate/code/embassynetwork/modernomad/client/node_modules/camelize/package.json
41 verbose targetResolver reading package data from /Users/jessykate/code/embassynetwork/modernomad/client/node_modules/humanize-string/package.json
42 verbose targetResolver reading package data from /Users/jessykate/code/embassynetwork/modernomad/client/node_modules/lodash/package.json
43 verbose targetResolver reading package data from /Users/jessykate/code/embassynetwork/modernomad/client/node_modules/moment/package.json
44 verbose targetResolver reading package data from /Users/jessykate/code/embassynetwork/modernomad/client/node_modules/react/package.json
45 verbose targetResolver reading package data from /Users/jessykate/code/embassynetwork/modernomad/client/node_modules/react-dom/package.json
46 verbose targetResolver reading package data from /Users/jessykate/code/embassynetwork/modernomad/client/node_modules/react-hot-loader/package.json
47 verbose targetResolver reading package data from /Users/jessykate/code/embassynetwork/modernomad/client/node_modules/snakeize/package.json
48 verbose targetResolver reading package data from /Users/jessykate/code/embassynetwork/modernomad/client/node_modules/webpack/package.json
49 verbose targetResolver reading package data from /Users/jessykate/code/embassynetwork/modernomad/client/node_modules/webpack-bundle-tracker/package.json
50 verbose targetResolver reading package data from /Users/jessykate/code/embassynetwork/modernomad/client/node_modules/webpack-dev-server/package.json
51 verbose targetResolver reading package data from /Users/jessykate/code/embassynetwork/modernomad/client/node_modules/.bin/babel/package.json
52 verbose targetResolver reading package data from /Users/jessykate/code/embassynetwork/modernomad/client/node_modules/.bin/babel-external-helpers/package.json
53 verbose targetResolver reading package data from /Users/jessykate/code/embassynetwork/modernomad/client/node_modules/.bin/babel-node/package.json
54 verbose targetResolver reading package data from /Users/jessykate/code/embassynetwork/modernomad/client/node_modules/.bin/webpack/package.json
55 verbose targetResolver reading package data from /Users/jessykate/code/embassynetwork/modernomad/client/node_modules/.bin/webpack-dev-server/package.json
56 verbose already installed skipping snakeize@^0.1.0 /Users/jessykate/code/embassynetwork/modernomad/client
57 verbose already installed skipping webpack@^1.13.1 /Users/jessykate/code/embassynetwork/modernomad/client
58 verbose already installed skipping webpack-bundle-tracker@0.0.93 /Users/jessykate/code/embassynetwork/modernomad/client
59 verbose already installed skipping webpack-dev-server@^1.14.1 /Users/jessykate/code/embassynetwork/modernomad/client
60 verbose already installed skipping axios@^0.13.1 /Users/jessykate/code/embassynetwork/modernomad/client
61 verbose already installed skipping babel@^6.5.2 /Users/jessykate/code/embassynetwork/modernomad/client
62 verbose already installed skipping babel-core@^6.13.2 /Users/jessykate/code/embassynetwork/modernomad/client
63 verbose already installed skipping babel-loader@^6.2.4 /Users/jessykate/code/embassynetwork/modernomad/client
64 verbose already installed skipping babel-plugin-transform-class-properties@^6.11.5 /Users/jessykate/code/embassynetwork/modernomad/client
65 verbose already installed skipping babel-plugin-transform-object-rest-spread@^6.8.0 /Users/jessykate/code/embassynetwork/modernomad/client
66 verbose already installed skipping babel-plugin-transform-react-jsx@^6.8.0 /Users/jessykate/code/embassynetwork/modernomad/client
67 verbose already installed skipping babel-preset-es2015@^6.13.2 /Users/jessykate/code/embassynetwork/modernomad/client
68 verbose already installed skipping babel-preset-react@^6.11.1 /Users/jessykate/code/embassynetwork/modernomad/client
69 verbose already installed skipping camelize@^1.0.0 /Users/jessykate/code/embassynetwork/modernomad/client
70 verbose already installed skipping humanize-string@^1.0.1 /Users/jessykate/code/embassynetwork/modernomad/client
71 verbose already installed skipping lodash@^4.14.1 /Users/jessykate/code/embassynetwork/modernomad/client
72 verbose already installed skipping moment@^2.14.1 /Users/jessykate/code/embassynetwork/modernomad/client
73 verbose already installed skipping react@^15.3.0 /Users/jessykate/code/embassynetwork/modernomad/client
74 silly cache add args [ 'react-addons-css-transition-group@^15.3.0', null ]
75 verbose cache add spec react-addons-css-transition-group@^15.3.0
76 silly cache add parsed spec Result {
76 silly cache add   raw: 'react-addons-css-transition-group@^15.3.0',
76 silly cache add   scope: null,
76 silly cache add   name: 'react-addons-css-transition-group',
76 silly cache add   rawSpec: '^15.3.0',
76 silly cache add   spec: '>=15.3.0 <16.0.0',
76 silly cache add   type: 'range' }
77 silly addNamed react-addons-css-transition-group@>=15.3.0 <16.0.0
78 verbose addNamed ">=15.3.0 <16.0.0" is a valid semver range for react-addons-css-transition-group
79 silly addNameRange { name: 'react-addons-css-transition-group',
79 silly addNameRange   range: '>=15.3.0 <16.0.0',
79 silly addNameRange   hasData: false }
80 silly mapToRegistry name react-addons-css-transition-group
81 silly mapToRegistry using default registry
82 silly mapToRegistry registry https://registry.npmjs.org/
83 silly mapToRegistry uri https://registry.npmjs.org/react-addons-css-transition-group
84 verbose addNameRange registry:https://registry.npmjs.org/react-addons-css-transition-group not in flight; fetching
85 verbose already installed skipping react-dom@^15.3.0 /Users/jessykate/code/embassynetwork/modernomad/client
86 verbose already installed skipping react-hot-loader@^1.3.0 /Users/jessykate/code/embassynetwork/modernomad/client
87 verbose request uri https://registry.npmjs.org/react-addons-css-transition-group
88 verbose request no auth needed
89 info attempt registry request try #1 at 5:35:10 PM
90 verbose request id 4780e2fd9884bbb0
91 verbose etag "6W8BTPY3BG76IN502MEKFE2CX"
92 http request GET https://registry.npmjs.org/react-addons-css-transition-group
93 http 200 https://registry.npmjs.org/react-addons-css-transition-group
94 verbose headers { server: 'CouchDB/1.6.1 (Erlang OTP/R16B03)',
94 verbose headers   etag: '"1BKM7G0ZC99LADDIE9Z7NOYWP"',
94 verbose headers   'content-type': 'application/json',
94 verbose headers   'content-encoding': 'gzip',
94 verbose headers   'cache-control': 'max-age=300',
94 verbose headers   'content-length': '5654',
94 verbose headers   'accept-ranges': 'bytes',
94 verbose headers   date: 'Tue, 23 Aug 2016 15:35:11 GMT',
94 verbose headers   via: '1.1 varnish',
94 verbose headers   age: '156',
94 verbose headers   connection: 'keep-alive',
94 verbose headers   'x-served-by': 'cache-ams4422-AMS',
94 verbose headers   'x-cache': 'HIT',
94 verbose headers   'x-cache-hits': '2',
94 verbose headers   'x-timer': 'S1471966511.052400,VS0,VE0',
94 verbose headers   vary: 'Accept-Encoding' }
95 silly get cb [ 200,
95 silly get   { server: 'CouchDB/1.6.1 (Erlang OTP/R16B03)',
95 silly get     etag: '"1BKM7G0ZC99LADDIE9Z7NOYWP"',
95 silly get     'content-type': 'application/json',
95 silly get     'content-encoding': 'gzip',
95 silly get     'cache-control': 'max-age=300',
95 silly get     'content-length': '5654',
95 silly get     'accept-ranges': 'bytes',
95 silly get     date: 'Tue, 23 Aug 2016 15:35:11 GMT',
95 silly get     via: '1.1 varnish',
95 silly get     age: '156',
95 silly get     connection: 'keep-alive',
95 silly get     'x-served-by': 'cache-ams4422-AMS',
95 silly get     'x-cache': 'HIT',
95 silly get     'x-cache-hits': '2',
95 silly get     'x-timer': 'S1471966511.052400,VS0,VE0',
95 silly get     vary: 'Accept-Encoding' } ]
96 verbose get saving react-addons-css-transition-group to /Users/jessykate/.npm/registry.npmjs.org/react-addons-css-transition-group/.cache.json
97 silly addNameRange number 2 { name: 'react-addons-css-transition-group',
97 silly addNameRange   range: '>=15.3.0 <16.0.0',
97 silly addNameRange   hasData: true }
98 silly addNameRange versions [ 'react-addons-css-transition-group',
98 silly addNameRange   [ '0.14.0-beta1',
98 silly addNameRange     '0.14.0-beta2',
98 silly addNameRange     '0.14.0-beta3',
98 silly addNameRange     '0.14.0-rc1',
98 silly addNameRange     '0.14.0',
98 silly addNameRange     '0.14.1',
98 silly addNameRange     '0.14.2',
98 silly addNameRange     '0.14.3',
98 silly addNameRange     '0.14.4',
98 silly addNameRange     '0.14.5',
98 silly addNameRange     '0.14.6',
98 silly addNameRange     '0.15.0-alpha.1',
98 silly addNameRange     '0.14.7',
98 silly addNameRange     '15.0.0-rc.1',
98 silly addNameRange     '15.0.0-rc.2',
98 silly addNameRange     '0.14.8',
98 silly addNameRange     '15.0.0',
98 silly addNameRange     '15.0.1',
98 silly addNameRange     '15.0.2-alpha.1',
98 silly addNameRange     '15.0.2-alpha.2',
98 silly addNameRange     '15.0.2-alpha.3',
98 silly addNameRange     '15.0.2-alpha.4',
98 silly addNameRange     '15.0.2',
98 silly addNameRange     '15.0.3-alpha.1',
98 silly addNameRange     '15.0.3-alpha.2',
98 silly addNameRange     '15.1.0-alpha.1',
98 silly addNameRange     '15.1.0',
98 silly addNameRange     '15.2.0-rc.1',
98 silly addNameRange     '15.2.0-rc.2',
98 silly addNameRange     '15.2.0',
98 silly addNameRange     '15.2.1',
98 silly addNameRange     '15.3.0-rc.1',
98 silly addNameRange     '15.3.0-rc.2',
98 silly addNameRange     '15.3.0-rc.3',
98 silly addNameRange     '15.3.0',
98 silly addNameRange     '15.3.1-rc.1',
98 silly addNameRange     '15.3.1-rc.2',
98 silly addNameRange     '15.3.1' ] ]
99 silly addNamed react-addons-css-transition-group@15.3.1
100 verbose addNamed "15.3.1" is a plain semver version for react-addons-css-transition-group
101 silly mapToRegistry name react-addons-css-transition-group
102 silly mapToRegistry using default registry
103 silly mapToRegistry registry https://registry.npmjs.org/
104 silly mapToRegistry uri https://registry.npmjs.org/react-addons-css-transition-group
105 verbose addRemoteTarball https://registry.npmjs.org/react-addons-css-transition-group/-/react-addons-css-transition-group-15.3.1.tgz not in flight; adding
106 verbose addRemoteTarball [ 'https://registry.npmjs.org/react-addons-css-transition-group/-/react-addons-css-transition-group-15.3.1.tgz',
106 verbose addRemoteTarball   'b82ee5445eb96274ac0a25ad65e5d67aa08a9ad8' ]
107 info retry fetch attempt 1 at 5:35:11 PM
108 info attempt registry request try #1 at 5:35:11 PM
109 http fetch GET https://registry.npmjs.org/react-addons-css-transition-group/-/react-addons-css-transition-group-15.3.1.tgz
110 http fetch 200 https://registry.npmjs.org/react-addons-css-transition-group/-/react-addons-css-transition-group-15.3.1.tgz
111 silly fetchAndShaCheck shasum b82ee5445eb96274ac0a25ad65e5d67aa08a9ad8
112 verbose addTmpTarball /var/folders/k3/g24rrnws23n0ywxp81y7vr_00000gn/T/npm-39192-12044100/registry.npmjs.org/react-addons-css-transition-group/-/react-addons-css-transition-group-15.3.1.tgz not in flight; adding
113 verbose addTmpTarball already have metadata; skipping unpack for react-addons-css-transition-group@15.3.1
114 silly cache afterAdd react-addons-css-transition-group@15.3.1
115 verbose afterAdd /Users/jessykate/.npm/react-addons-css-transition-group/15.3.1/package/package.json not in flight; writing
116 verbose afterAdd /Users/jessykate/.npm/react-addons-css-transition-group/15.3.1/package/package.json written
117 silly install resolved [ { name: 'react-addons-css-transition-group',
117 silly install resolved     version: '15.3.1',
117 silly install resolved     main: 'index.js',
117 silly install resolved     repository:
117 silly install resolved      { type: 'git',
117 silly install resolved        url: 'git+https://github.com/facebook/react.git' },
117 silly install resolved     keywords: [ 'react', 'react-addon' ],
117 silly install resolved     license: 'BSD-3-Clause',
117 silly install resolved     dependencies: {},
117 silly install resolved     peerDependencies: { react: '^15.3.1' },
117 silly install resolved     files: [ 'LICENSE', 'PATENTS', 'README.md', 'index.js' ],
117 silly install resolved     description: 'This package provides the React CSSTransitionGroup add-on.',
117 silly install resolved     bugs: { url: 'https://github.com/facebook/react/issues' },
117 silly install resolved     homepage: 'https://github.com/facebook/react#readme',
117 silly install resolved     _id: 'react-addons-css-transition-group@15.3.1',
117 silly install resolved     _shasum: 'b82ee5445eb96274ac0a25ad65e5d67aa08a9ad8',
117 silly install resolved     _resolved: 'https://registry.npmjs.org/react-addons-css-transition-group/-/react-addons-css-transition-group-15.3.1.tgz',
117 silly install resolved     _from: 'react-addons-css-transition-group@>=15.3.0 <16.0.0',
117 silly install resolved     scripts: {},
117 silly install resolved     _npmVersion: '2.15.5',
117 silly install resolved     _nodeVersion: '4.4.5',
117 silly install resolved     _npmUser: { name: 'zpao', email: 'paul@oshannessy.com' },
117 silly install resolved     maintainers: [ [Object], [Object], [Object], [Object], [Object], [Object] ],
117 silly install resolved     dist:
117 silly install resolved      { shasum: 'b82ee5445eb96274ac0a25ad65e5d67aa08a9ad8',
117 silly install resolved        tarball: 'https://registry.npmjs.org/react-addons-css-transition-group/-/react-addons-css-transition-group-15.3.1.tgz' },
117 silly install resolved     _npmOperationalInternal:
117 silly install resolved      { host: 'packages-12-west.internal.npmjs.com',
117 silly install resolved        tmp: 'tmp/react-addons-css-transition-group-15.3.1.tgz_1471632593922_0.06321285688318312' },
117 silly install resolved     directories: {} } ]
118 info install react-addons-css-transition-group@15.3.1 into /Users/jessykate/code/embassynetwork/modernomad/client
119 info installOne react-addons-css-transition-group@15.3.1
120 verbose installOne of react-addons-css-transition-group to /Users/jessykate/code/embassynetwork/modernomad/client not in flight; installing
121 verbose lock using /Users/jessykate/.npm/_locks/react-addons-css-transit-b5dcba2058e3941d.lock for /Users/jessykate/code/embassynetwork/modernomad/client/node_modules/react-addons-css-transition-group
122 silly install write writing react-addons-css-transition-group 15.3.1 to /Users/jessykate/code/embassynetwork/modernomad/client/node_modules/react-addons-css-transition-group
123 verbose unbuild node_modules/react-addons-css-transition-group
124 silly gentlyRm /Users/jessykate/code/embassynetwork/modernomad/client/node_modules/react-addons-css-transition-group is being purged from base /Users/jessykate/code/embassynetwork/modernomad/client
125 verbose gentlyRm don't care about contents; nuking /Users/jessykate/code/embassynetwork/modernomad/client/node_modules/react-addons-css-transition-group
126 verbose tar unpack /Users/jessykate/.npm/react-addons-css-transition-group/15.3.1/package.tgz
127 verbose tar unpacking to /Users/jessykate/code/embassynetwork/modernomad/client/node_modules/react-addons-css-transition-group
128 silly gentlyRm /Users/jessykate/code/embassynetwork/modernomad/client/node_modules/react-addons-css-transition-group is being purged
129 verbose gentlyRm don't care about contents; nuking /Users/jessykate/code/embassynetwork/modernomad/client/node_modules/react-addons-css-transition-group
130 silly gunzTarPerm modes [ '755', '644' ]
131 silly gunzTarPerm extractEntry package.json
132 silly gunzTarPerm extractEntry README.md
133 silly gunzTarPerm extractEntry LICENSE
134 silly gunzTarPerm extractEntry index.js
135 silly gunzTarPerm extractEntry PATENTS
136 verbose write writing to /Users/jessykate/code/embassynetwork/modernomad/client/node_modules/react-addons-css-transition-group/package.json
137 info preinstall react-addons-css-transition-group@15.3.1
138 verbose readDependencies loading dependencies from /Users/jessykate/code/embassynetwork/modernomad/client/node_modules/react-addons-css-transition-group/package.json
139 silly prepareForInstallMany adding react@^15.3.1 from react-addons-css-transition-group peerDependencies
140 warn peerDependencies The peer dependency react@^15.3.1 included from react-addons-css-transition-group will no
141 warn peerDependencies longer be automatically installed to fulfill the peerDependency
142 warn peerDependencies in npm 3+. Your application will need to depend on it explicitly.
143 verbose readDependencies loading dependencies from /Users/jessykate/code/embassynetwork/modernomad/client/node_modules/react-addons-css-transition-group/package.json
144 silly install resolved []
145 verbose about to build /Users/jessykate/code/embassynetwork/modernomad/client/node_modules/react-addons-css-transition-group
146 info build /Users/jessykate/code/embassynetwork/modernomad/client/node_modules/react-addons-css-transition-group
147 info linkStuff react-addons-css-transition-group@15.3.1
148 silly linkStuff react-addons-css-transition-group@15.3.1 has /Users/jessykate/code/embassynetwork/modernomad/client/node_modules as its parent node_modules
149 verbose linkBins react-addons-css-transition-group@15.3.1
150 verbose linkMans react-addons-css-transition-group@15.3.1
151 verbose rebuildBundles react-addons-css-transition-group@15.3.1
152 info install react-addons-css-transition-group@15.3.1
153 info postinstall react-addons-css-transition-group@15.3.1
154 verbose readDependencies loading dependencies from /Users/jessykate/code/embassynetwork/modernomad/client/package.json
155 verbose targetResolver reading package data from /Users/jessykate/code/embassynetwork/modernomad/client/node_modules/axios/package.json
156 verbose targetResolver reading package data from /Users/jessykate/code/embassynetwork/modernomad/client/node_modules/babel/package.json
157 verbose targetResolver reading package data from /Users/jessykate/code/embassynetwork/modernomad/client/node_modules/babel-core/package.json
158 verbose targetResolver reading package data from /Users/jessykate/code/embassynetwork/modernomad/client/node_modules/babel-loader/package.json
159 verbose targetResolver reading package data from /Users/jessykate/code/embassynetwork/modernomad/client/node_modules/babel-plugin-transform-class-properties/package.json
160 verbose targetResolver reading package data from /Users/jessykate/code/embassynetwork/modernomad/client/node_modules/babel-plugin-transform-object-rest-spread/package.json
161 verbose targetResolver reading package data from /Users/jessykate/code/embassynetwork/modernomad/client/node_modules/babel-plugin-transform-react-jsx/package.json
162 verbose targetResolver reading package data from /Users/jessykate/code/embassynetwork/modernomad/client/node_modules/babel-preset-es2015/package.json
163 verbose targetResolver reading package data from /Users/jessykate/code/embassynetwork/modernomad/client/node_modules/babel-preset-react/package.json
164 verbose targetResolver reading package data from /Users/jessykate/code/embassynetwork/modernomad/client/node_modules/camelize/package.json
165 verbose targetResolver reading package data from /Users/jessykate/code/embassynetwork/modernomad/client/node_modules/humanize-string/package.json
166 verbose targetResolver reading package data from /Users/jessykate/code/embassynetwork/modernomad/client/node_modules/lodash/package.json
167 verbose targetResolver reading package data from /Users/jessykate/code/embassynetwork/modernomad/client/node_modules/moment/package.json
168 verbose targetResolver reading package data from /Users/jessykate/code/embassynetwork/modernomad/client/node_modules/react/package.json
169 verbose targetResolver reading package data from /Users/jessykate/code/embassynetwork/modernomad/client/node_modules/react-addons-css-transition-group/package.json
170 verbose targetResolver reading package data from /Users/jessykate/code/embassynetwork/modernomad/client/node_modules/react-dom/package.json
171 verbose targetResolver reading package data from /Users/jessykate/code/embassynetwork/modernomad/client/node_modules/react-hot-loader/package.json
172 verbose targetResolver reading package data from /Users/jessykate/code/embassynetwork/modernomad/client/node_modules/snakeize/package.json
173 verbose targetResolver reading package data from /Users/jessykate/code/embassynetwork/modernomad/client/node_modules/webpack/package.json
174 verbose targetResolver reading package data from /Users/jessykate/code/embassynetwork/modernomad/client/node_modules/webpack-bundle-tracker/package.json
175 verbose targetResolver reading package data from /Users/jessykate/code/embassynetwork/modernomad/client/node_modules/webpack-dev-server/package.json
176 verbose targetResolver reading package data from /Users/jessykate/code/embassynetwork/modernomad/client/node_modules/.bin/babel/package.json
177 verbose targetResolver reading package data from /Users/jessykate/code/embassynetwork/modernomad/client/node_modules/.bin/babel-external-helpers/package.json
178 verbose targetResolver reading package data from /Users/jessykate/code/embassynetwork/modernomad/client/node_modules/.bin/babel-node/package.json
179 verbose targetResolver reading package data from /Users/jessykate/code/embassynetwork/modernomad/client/node_modules/.bin/webpack/package.json
180 verbose targetResolver reading package data from /Users/jessykate/code/embassynetwork/modernomad/client/node_modules/.bin/webpack-dev-server/package.json
181 verbose already installed skipping react@^15.3.1 /Users/jessykate/code/embassynetwork/modernomad/client
182 silly install resolved []
183 verbose unlock done using /Users/jessykate/.npm/_locks/react-addons-css-transit-b5dcba2058e3941d.lock for /Users/jessykate/code/embassynetwork/modernomad/client/node_modules/react-addons-css-transition-group
184 info build /Users/jessykate/code/embassynetwork/modernomad/client
185 info linkStuff modernomad@1.0.0
186 silly linkStuff modernomad@1.0.0 has /Users/jessykate/code/embassynetwork/modernomad as its parent node_modules
187 verbose linkBins modernomad@1.0.0
188 verbose linkMans modernomad@1.0.0
189 verbose rebuildBundles modernomad@1.0.0
190 verbose rebuildBundles [ '.bin',
190 verbose rebuildBundles   'axios',
190 verbose rebuildBundles   'babel',
190 verbose rebuildBundles   'babel-core',
190 verbose rebuildBundles   'babel-loader',
190 verbose rebuildBundles   'babel-plugin-transform-class-properties',
190 verbose rebuildBundles   'babel-plugin-transform-object-rest-spread',
190 verbose rebuildBundles   'babel-plugin-transform-react-jsx',
190 verbose rebuildBundles   'babel-preset-es2015',
190 verbose rebuildBundles   'babel-preset-react',
190 verbose rebuildBundles   'camelize',
190 verbose rebuildBundles   'humanize-string',
190 verbose rebuildBundles   'lodash',
190 verbose rebuildBundles   'moment',
190 verbose rebuildBundles   'react',
190 verbose rebuildBundles   'react-addons-css-transition-group',
190 verbose rebuildBundles   'react-dom',
190 verbose rebuildBundles   'react-hot-loader',
190 verbose rebuildBundles   'snakeize',
190 verbose rebuildBundles   'webpack',
190 verbose rebuildBundles   'webpack-bundle-tracker',
190 verbose rebuildBundles   'webpack-dev-server' ]
191 info install modernomad@1.0.0
192 info postinstall modernomad@1.0.0
193 info prepublish modernomad@1.0.0
194 verbose validateInstall loading /Users/jessykate/code/embassynetwork/modernomad/client/package.json for validation
195 verbose stack Error: The package react@15.3.0 does not satisfy its siblings' peerDependencies requirements!
195 verbose stack     at /usr/local/lib/node_modules/npm/lib/install.js:125:32
195 verbose stack     at /usr/local/lib/node_modules/npm/lib/install.js:268:7
195 verbose stack     at /usr/local/lib/node_modules/npm/node_modules/read-installed/read-installed.js:142:5
195 verbose stack     at /usr/local/lib/node_modules/npm/node_modules/read-installed/read-installed.js:263:14
195 verbose stack     at cb (/usr/local/lib/node_modules/npm/node_modules/slide/lib/async-map.js:47:24)
195 verbose stack     at /usr/local/lib/node_modules/npm/node_modules/read-installed/read-installed.js:263:14
195 verbose stack     at cb (/usr/local/lib/node_modules/npm/node_modules/slide/lib/async-map.js:47:24)
195 verbose stack     at /usr/local/lib/node_modules/npm/node_modules/read-installed/read-installed.js:263:14
195 verbose stack     at cb (/usr/local/lib/node_modules/npm/node_modules/slide/lib/async-map.js:47:24)
195 verbose stack     at /usr/local/lib/node_modules/npm/node_modules/read-installed/read-installed.js:263:14
196 verbose cwd /Users/jessykate/code/embassynetwork/modernomad/client
197 error Darwin 15.4.0
198 error argv "/usr/local/Cellar/node/4.2.1/bin/node" "/usr/local/bin/npm" "install"
199 error node v4.2.1
200 error npm  v2.14.7
201 error code EPEERINVALID
202 error peerinvalid The package react@15.3.0 does not satisfy its siblings' peerDependencies requirements!
202 error peerinvalid Peer react-addons-css-transition-group@15.3.1 wants react@^15.3.1
202 error peerinvalid Peer react-dom@15.3.0 wants react@^15.3.0
203 verbose exit [ 1, true ]
